0 info it worked if it ends with ok
1 verbose cli [ '/usr/local/bin/node',
1 verbose cli   '/usr/local/bin/npm',
1 verbose cli   'install',
1 verbose cli   'Babel' ]
2 info using npm@3.9.3
3 info using node@v6.2.1
4 silly loadCurrentTree Starting
5 silly install loadCurrentTree
6 silly install readLocalPackageData
7 silly fetchPackageMetaData Babel
8 silly fetchNamedPackageData Babel
9 silly mapToRegistry name Babel
10 silly mapToRegistry using default registry
11 silly mapToRegistry registry https://registry.npmjs.org/
12 silly mapToRegistry data Result {
12 silly mapToRegistry   raw: 'Babel',
12 silly mapToRegistry   scope: null,
12 silly mapToRegistry   name: 'Babel',
12 silly mapToRegistry   rawSpec: '',
12 silly mapToRegistry   spec: 'latest',
12 silly mapToRegistry   type: 'tag' }
13 silly mapToRegistry uri https://registry.npmjs.org/Babel
14 verbose request uri https://registry.npmjs.org/Babel
15 verbose request no auth needed
16 info attempt registry request try #1 at 3:16:45 PM
17 verbose request id ffb6d71f68711f9d
18 verbose etag "6IZHBXNV4NKSGCZPNU61F4R0W"
19 http request GET https://registry.npmjs.org/Babel
20 http 200 https://registry.npmjs.org/Babel
21 verbose headers { server: 'CouchDB/1.5.0 (Erlang OTP/R16B03)',
21 verbose headers   etag: '"2VZHTQMWTGN6QU4FPSF24OMY0"',
21 verbose headers   'content-type': 'application/json',
21 verbose headers   'content-encoding': 'gzip',
21 verbose headers   'cache-control': 'max-age=300',
21 verbose headers   'content-length': '676',
21 verbose headers   'accept-ranges': 'bytes',
21 verbose headers   date: 'Tue, 14 Jun 2016 22:16:45 GMT',
21 verbose headers   via: '1.1 varnish',
21 verbose headers   age: '0',
21 verbose headers   connection: 'keep-alive',
21 verbose headers   'x-served-by': 'cache-sjc3127-SJC',
21 verbose headers   'x-cache': 'MISS',
21 verbose headers   'x-cache-hits': '0',
21 verbose headers   'x-timer': 'S1465942605.665107,VS0,VE106',
21 verbose headers   vary: 'Accept-Encoding' }
22 silly get cb [ 200,
22 silly get   { server: 'CouchDB/1.5.0 (Erlang OTP/R16B03)',
22 silly get     etag: '"2VZHTQMWTGN6QU4FPSF24OMY0"',
22 silly get     'content-type': 'application/json',
22 silly get     'content-encoding': 'gzip',
22 silly get     'cache-control': 'max-age=300',
22 silly get     'content-length': '676',
22 silly get     'accept-ranges': 'bytes',
22 silly get     date: 'Tue, 14 Jun 2016 22:16:45 GMT',
22 silly get     via: '1.1 varnish',
22 silly get     age: '0',
22 silly get     connection: 'keep-alive',
22 silly get     'x-served-by': 'cache-sjc3127-SJC',
22 silly get     'x-cache': 'MISS',
22 silly get     'x-cache-hits': '0',
22 silly get     'x-timer': 'S1465942605.665107,VS0,VE106',
22 silly get     vary: 'Accept-Encoding' } ]
23 verbose get saving Babel to /Users/taylangocmen/.npm/registry.npmjs.org/Babel/.cache.json
24 verbose correctMkdir /Users/taylangocmen/.npm correctMkdir not in flight; initializing
25 silly install normalizeTree
26 silly loadCurrentTree Finishing
27 silly loadIdealTree Starting
28 silly install loadIdealTree
29 silly cloneCurrentTree Starting
30 silly install cloneCurrentTreeToIdealTree
31 silly cloneCurrentTree Finishing
32 silly loadShrinkwrap Starting
33 silly install loadShrinkwrap
34 silly loadShrinkwrap Finishing
35 silly loadAllDepsIntoIdealTree Starting
36 silly install loadAllDepsIntoIdealTree
37 silly resolveWithNewModule Babel@0.0.1 checking installable status
38 silly cache add args [ 'Babel', null ]
39 verbose cache add spec Babel
40 silly cache add parsed spec Result {
40 silly cache add   raw: 'Babel',
40 silly cache add   scope: null,
40 silly cache add   name: 'Babel',
40 silly cache add   rawSpec: '',
40 silly cache add   spec: 'latest',
40 silly cache add   type: 'tag' }
41 silly addNamed Babel@latest
42 verbose addNamed "latest" is being treated as a dist-tag for Babel
43 info addNameTag [ 'Babel', 'latest' ]
44 silly mapToRegistry name Babel
45 silly mapToRegistry using default registry
46 silly mapToRegistry registry https://registry.npmjs.org/
47 silly mapToRegistry data Result {
47 silly mapToRegistry   raw: 'Babel',
47 silly mapToRegistry   scope: null,
47 silly mapToRegistry   name: 'Babel',
47 silly mapToRegistry   rawSpec: '',
47 silly mapToRegistry   spec: 'latest',
47 silly mapToRegistry   type: 'tag' }
48 silly mapToRegistry uri https://registry.npmjs.org/Babel
49 verbose addNameTag registry:https://registry.npmjs.org/Babel not in flight; fetching
50 verbose get https://registry.npmjs.org/Babel not expired, no request
51 silly addNameTag next cb for Babel with tag latest
52 silly addNamed Babel@0.0.1
53 verbose addNamed "0.0.1" is a plain semver version for Babel
54 silly mapToRegistry name Babel
55 silly mapToRegistry using default registry
56 silly mapToRegistry registry https://registry.npmjs.org/
57 silly mapToRegistry data Result {
57 silly mapToRegistry   raw: 'Babel',
57 silly mapToRegistry   scope: null,
57 silly mapToRegistry   name: 'Babel',
57 silly mapToRegistry   rawSpec: '',
57 silly mapToRegistry   spec: 'latest',
57 silly mapToRegistry   type: 'tag' }
58 silly mapToRegistry uri https://registry.npmjs.org/Babel
59 verbose addRemoteTarball https://registry.npmjs.org/Babel/-/Babel-0.0.1.tgz not in flight; adding
60 verbose addRemoteTarball [ 'https://registry.npmjs.org/Babel/-/Babel-0.0.1.tgz',
60 verbose addRemoteTarball   '7dd676336ce7bdbbc59c13835dce4b0cc941f0d6' ]
61 info retry fetch attempt 1 at 3:16:45 PM
62 info attempt registry request try #1 at 3:16:45 PM
63 http fetch GET https://registry.npmjs.org/Babel/-/Babel-0.0.1.tgz
64 http fetch 200 https://registry.npmjs.org/Babel/-/Babel-0.0.1.tgz
65 silly fetchAndShaCheck shasum 7dd676336ce7bdbbc59c13835dce4b0cc941f0d6
66 verbose addTmpTarball /var/folders/k4/ld9yqvdx6j12zrcj6vcwnzvh0000gn/T/npm-27552-dba5ce0d/registry.npmjs.org/Babel/-/Babel-0.0.1.tgz not in flight; adding
67 verbose addTmpTarball already have metadata; skipping unpack for Babel@0.0.1
68 verbose correctMkdir /Users/taylangocmen/.npm correctMkdir not in flight; initializing
69 silly cache afterAdd Babel@0.0.1
70 verbose afterAdd /Users/taylangocmen/.npm/Babel/0.0.1/package/package.json not in flight; writing
71 verbose correctMkdir /Users/taylangocmen/.npm correctMkdir not in flight; initializing
72 verbose afterAdd /Users/taylangocmen/.npm/Babel/0.0.1/package/package.json written
73 silly fetchNamedPackageData step
74 silly mapToRegistry name step
75 silly mapToRegistry using default registry
76 silly mapToRegistry registry https://registry.npmjs.org/
77 silly mapToRegistry data Result {
77 silly mapToRegistry   raw: 'step',
77 silly mapToRegistry   scope: null,
77 silly mapToRegistry   name: 'step',
77 silly mapToRegistry   rawSpec: '',
77 silly mapToRegistry   spec: 'latest',
77 silly mapToRegistry   type: 'tag' }
78 silly mapToRegistry uri https://registry.npmjs.org/step
79 silly fetchNamedPackageData underscore
80 silly mapToRegistry name underscore
81 silly mapToRegistry using default registry
82 silly mapToRegistry registry https://registry.npmjs.org/
83 silly mapToRegistry data Result {
83 silly mapToRegistry   raw: 'underscore',
83 silly mapToRegistry   scope: null,
83 silly mapToRegistry   name: 'underscore',
83 silly mapToRegistry   rawSpec: '',
83 silly mapToRegistry   spec: 'latest',
83 silly mapToRegistry   type: 'tag' }
84 silly mapToRegistry uri https://registry.npmjs.org/underscore
85 verbose request uri https://registry.npmjs.org/step
86 verbose request no auth needed
87 info attempt registry request try #1 at 3:16:46 PM
88 http request GET https://registry.npmjs.org/step
89 verbose request uri https://registry.npmjs.org/underscore
90 verbose request no auth needed
91 info attempt registry request try #1 at 3:16:46 PM
92 verbose etag "35XWIAJ1BTFTPBK5BBCIGZERY"
93 http request GET https://registry.npmjs.org/underscore
94 http 200 https://registry.npmjs.org/step
95 verbose headers { server: 'CouchDB/1.5.0 (Erlang OTP/R16B03)',
95 verbose headers   etag: '"C1PB95JQHTH5P1PNCGET6QIKY"',
95 verbose headers   'content-type': 'application/json',
95 verbose headers   'content-encoding': 'gzip',
95 verbose headers   'cache-control': 'max-age=300',
95 verbose headers   'content-length': '2511',
95 verbose headers   'accept-ranges': 'bytes',
95 verbose headers   date: 'Tue, 14 Jun 2016 22:16:46 GMT',
95 verbose headers   via: '1.1 varnish',
95 verbose headers   age: '0',
95 verbose headers   connection: 'keep-alive',
95 verbose headers   'x-served-by': 'cache-sjc3127-SJC',
95 verbose headers   'x-cache': 'HIT',
95 verbose headers   'x-cache-hits': '1',
95 verbose headers   'x-timer': 'S1465942606.264766,VS0,VE36',
95 verbose headers   vary: 'Accept-Encoding' }
96 silly get cb [ 200,
96 silly get   { server: 'CouchDB/1.5.0 (Erlang OTP/R16B03)',
96 silly get     etag: '"C1PB95JQHTH5P1PNCGET6QIKY"',
96 silly get     'content-type': 'application/json',
96 silly get     'content-encoding': 'gzip',
96 silly get     'cache-control': 'max-age=300',
96 silly get     'content-length': '2511',
96 silly get     'accept-ranges': 'bytes',
96 silly get     date: 'Tue, 14 Jun 2016 22:16:46 GMT',
96 silly get     via: '1.1 varnish',
96 silly get     age: '0',
96 silly get     connection: 'keep-alive',
96 silly get     'x-served-by': 'cache-sjc3127-SJC',
96 silly get     'x-cache': 'HIT',
96 silly get     'x-cache-hits': '1',
96 silly get     'x-timer': 'S1465942606.264766,VS0,VE36',
96 silly get     vary: 'Accept-Encoding' } ]
97 verbose get saving step to /Users/taylangocmen/.npm/registry.npmjs.org/step/.cache.json
98 verbose correctMkdir /Users/taylangocmen/.npm correctMkdir not in flight; initializing
99 silly resolveWithNewModule step@0.0.6 checking installable status
100 silly cache add args [ 'step@0.0.x', null ]
101 verbose cache add spec step@0.0.x
102 silly cache add parsed spec Result {
102 silly cache add   raw: 'step@0.0.x',
102 silly cache add   scope: null,
102 silly cache add   name: 'step',
102 silly cache add   rawSpec: '0.0.x',
102 silly cache add   spec: '>=0.0.0 <0.1.0',
102 silly cache add   type: 'range' }
103 silly addNamed step@>=0.0.0 <0.1.0
104 verbose addNamed ">=0.0.0 <0.1.0" is a valid semver range for step
105 silly addNameRange { name: 'step', range: '>=0.0.0 <0.1.0', hasData: false }
106 silly mapToRegistry name step
107 silly mapToRegistry using default registry
108 silly mapToRegistry registry https://registry.npmjs.org/
109 silly mapToRegistry data Result {
109 silly mapToRegistry   raw: 'step',
109 silly mapToRegistry   scope: null,
109 silly mapToRegistry   name: 'step',
109 silly mapToRegistry   rawSpec: '',
109 silly mapToRegistry   spec: 'latest',
109 silly mapToRegistry   type: 'tag' }
110 silly mapToRegistry uri https://registry.npmjs.org/step
111 verbose addNameRange registry:https://registry.npmjs.org/step not in flight; fetching
112 verbose get https://registry.npmjs.org/step not expired, no request
113 silly addNameRange number 2 { name: 'step', range: '>=0.0.0 <0.1.0', hasData: true }
114 silly addNameRange versions [ 'step', [ '0.0.3', '0.0.4', '0.0.5', '0.0.6' ] ]
115 silly addNamed step@0.0.6
116 verbose addNamed "0.0.6" is a plain semver version for step
117 silly mapToRegistry name step
118 silly mapToRegistry using default registry
119 silly mapToRegistry registry https://registry.npmjs.org/
120 silly mapToRegistry data Result {
120 silly mapToRegistry   raw: 'step',
120 silly mapToRegistry   scope: null,
120 silly mapToRegistry   name: 'step',
120 silly mapToRegistry   rawSpec: '',
120 silly mapToRegistry   spec: 'latest',
120 silly mapToRegistry   type: 'tag' }
121 silly mapToRegistry uri https://registry.npmjs.org/step
122 verbose addRemoteTarball https://registry.npmjs.org/step/-/step-0.0.6.tgz not in flight; adding
123 verbose addRemoteTarball [ 'https://registry.npmjs.org/step/-/step-0.0.6.tgz',
123 verbose addRemoteTarball   '143e7849a5d7d3f4a088fe29af94915216eeede2' ]
124 info retry fetch attempt 1 at 3:16:46 PM
125 info attempt registry request try #1 at 3:16:46 PM
126 http fetch GET https://registry.npmjs.org/step/-/step-0.0.6.tgz
127 http fetch 200 https://registry.npmjs.org/step/-/step-0.0.6.tgz
128 silly fetchAndShaCheck shasum 143e7849a5d7d3f4a088fe29af94915216eeede2
129 verbose addTmpTarball /var/folders/k4/ld9yqvdx6j12zrcj6vcwnzvh0000gn/T/npm-27552-dba5ce0d/registry.npmjs.org/step/-/step-0.0.6.tgz not in flight; adding
130 verbose addTmpTarball already have metadata; skipping unpack for step@0.0.6
131 verbose correctMkdir /Users/taylangocmen/.npm correctMkdir not in flight; initializing
132 silly cache afterAdd step@0.0.6
133 verbose afterAdd /Users/taylangocmen/.npm/step/0.0.6/package/package.json not in flight; writing
134 verbose correctMkdir /Users/taylangocmen/.npm correctMkdir not in flight; initializing
135 verbose afterAdd /Users/taylangocmen/.npm/step/0.0.6/package/package.json written
136 http 200 https://registry.npmjs.org/underscore
137 verbose headers { server: 'CouchDB/1.5.0 (Erlang OTP/R16B03)',
137 verbose headers   etag: '"4T0CKSX3IQPT9ET87SEVUMNBA"',
137 verbose headers   'content-type': 'application/json',
137 verbose headers   'content-encoding': 'gzip',
137 verbose headers   'cache-control': 'max-age=300',
137 verbose headers   'content-length': '7782',
137 verbose headers   'accept-ranges': 'bytes',
137 verbose headers   date: 'Tue, 14 Jun 2016 22:16:46 GMT',
137 verbose headers   via: '1.1 varnish',
137 verbose headers   age: '295',
137 verbose headers   connection: 'keep-alive',
137 verbose headers   'x-served-by': 'cache-sjc3128-SJC',
137 verbose headers   'x-cache': 'HIT',
137 verbose headers   'x-cache-hits': '35',
137 verbose headers   'x-timer': 'S1465942606.306252,VS0,VE0',
137 verbose headers   vary: 'Accept-Encoding' }
138 silly get cb [ 200,
138 silly get   { server: 'CouchDB/1.5.0 (Erlang OTP/R16B03)',
138 silly get     etag: '"4T0CKSX3IQPT9ET87SEVUMNBA"',
138 silly get     'content-type': 'application/json',
138 silly get     'content-encoding': 'gzip',
138 silly get     'cache-control': 'max-age=300',
138 silly get     'content-length': '7782',
138 silly get     'accept-ranges': 'bytes',
138 silly get     date: 'Tue, 14 Jun 2016 22:16:46 GMT',
138 silly get     via: '1.1 varnish',
138 silly get     age: '295',
138 silly get     connection: 'keep-alive',
138 silly get     'x-served-by': 'cache-sjc3128-SJC',
138 silly get     'x-cache': 'HIT',
138 silly get     'x-cache-hits': '35',
138 silly get     'x-timer': 'S1465942606.306252,VS0,VE0',
138 silly get     vary: 'Accept-Encoding' } ]
139 verbose get saving underscore to /Users/taylangocmen/.npm/registry.npmjs.org/underscore/.cache.json
140 verbose correctMkdir /Users/taylangocmen/.npm correctMkdir not in flight; initializing
141 silly resolveWithNewModule underscore@1.8.3 checking installable status
142 silly cache add args [ 'underscore@1.x.x', null ]
143 verbose cache add spec underscore@1.x.x
144 silly cache add parsed spec Result {
144 silly cache add   raw: 'underscore@1.x.x',
144 silly cache add   scope: null,
144 silly cache add   name: 'underscore',
144 silly cache add   rawSpec: '1.x.x',
144 silly cache add   spec: '>=1.0.0 <2.0.0',
144 silly cache add   type: 'range' }
145 silly addNamed underscore@>=1.0.0 <2.0.0
146 verbose addNamed ">=1.0.0 <2.0.0" is a valid semver range for underscore
147 silly addNameRange { name: 'underscore', range: '>=1.0.0 <2.0.0', hasData: false }
148 silly mapToRegistry name underscore
149 silly mapToRegistry using default registry
150 silly mapToRegistry registry https://registry.npmjs.org/
151 silly mapToRegistry data Result {
151 silly mapToRegistry   raw: 'underscore',
151 silly mapToRegistry   scope: null,
151 silly mapToRegistry   name: 'underscore',
151 silly mapToRegistry   rawSpec: '',
151 silly mapToRegistry   spec: 'latest',
151 silly mapToRegistry   type: 'tag' }
152 silly mapToRegistry uri https://registry.npmjs.org/underscore
153 verbose addNameRange registry:https://registry.npmjs.org/underscore not in flight; fetching
154 verbose get https://registry.npmjs.org/underscore not expired, no request
155 silly addNameRange number 2 { name: 'underscore', range: '>=1.0.0 <2.0.0', hasData: true }
156 silly addNameRange versions [ 'underscore',
156 silly addNameRange   [ '1.0.3',
156 silly addNameRange     '1.0.4',
156 silly addNameRange     '1.1.0',
156 silly addNameRange     '1.1.1',
156 silly addNameRange     '1.1.2',
156 silly addNameRange     '1.1.3',
156 silly addNameRange     '1.1.4',
156 silly addNameRange     '1.1.5',
156 silly addNameRange     '1.1.6',
156 silly addNameRange     '1.1.7',
156 silly addNameRange     '1.2.0',
156 silly addNameRange     '1.2.1',
156 silly addNameRange     '1.2.2',
156 silly addNameRange     '1.2.3',
156 silly addNameRange     '1.2.4',
156 silly addNameRange     '1.3.0',
156 silly addNameRange     '1.3.1',
156 silly addNameRange     '1.3.2',
156 silly addNameRange     '1.3.3',
156 silly addNameRange     '1.4.0',
156 silly addNameRange     '1.4.1',
156 silly addNameRange     '1.4.2',
156 silly addNameRange     '1.4.3',
156 silly addNameRange     '1.4.4',
156 silly addNameRange     '1.5.0',
156 silly addNameRange     '1.5.1',
156 silly addNameRange     '1.5.2',
156 silly addNameRange     '1.6.0',
156 silly addNameRange     '1.7.0',
156 silly addNameRange     '1.8.0',
156 silly addNameRange     '1.8.1',
156 silly addNameRange     '1.8.2',
156 silly addNameRange     '1.8.3' ] ]
157 silly addNamed underscore@1.8.3
158 verbose addNamed "1.8.3" is a plain semver version for underscore
159 silly mapToRegistry name underscore
160 silly mapToRegistry using default registry
161 silly mapToRegistry registry https://registry.npmjs.org/
162 silly mapToRegistry data Result {
162 silly mapToRegistry   raw: 'underscore',
162 silly mapToRegistry   scope: null,
162 silly mapToRegistry   name: 'underscore',
162 silly mapToRegistry   rawSpec: '',
162 silly mapToRegistry   spec: 'latest',
162 silly mapToRegistry   type: 'tag' }
163 silly mapToRegistry uri https://registry.npmjs.org/underscore
164 verbose addRemoteTarball https://registry.npmjs.org/underscore/-/underscore-1.8.3.tgz not in flight; adding
165 verbose addRemoteTarball [ 'https://registry.npmjs.org/underscore/-/underscore-1.8.3.tgz',
165 verbose addRemoteTarball   '4f3fb53b106e6097fcf9cb4109f2a5e9bdfa5022' ]
166 info retry fetch attempt 1 at 3:16:46 PM
167 info attempt registry request try #1 at 3:16:46 PM
168 http fetch GET https://registry.npmjs.org/underscore/-/underscore-1.8.3.tgz
169 http fetch 200 https://registry.npmjs.org/underscore/-/underscore-1.8.3.tgz
170 silly fetchAndShaCheck shasum 4f3fb53b106e6097fcf9cb4109f2a5e9bdfa5022
171 verbose addTmpTarball /var/folders/k4/ld9yqvdx6j12zrcj6vcwnzvh0000gn/T/npm-27552-dba5ce0d/registry.npmjs.org/underscore/-/underscore-1.8.3.tgz not in flight; adding
172 verbose addTmpTarball already have metadata; skipping unpack for underscore@1.8.3
173 verbose correctMkdir /Users/taylangocmen/.npm correctMkdir not in flight; initializing
174 silly cache afterAdd underscore@1.8.3
175 verbose afterAdd /Users/taylangocmen/.npm/underscore/1.8.3/package/package.json not in flight; writing
176 verbose correctMkdir /Users/taylangocmen/.npm correctMkdir not in flight; initializing
177 verbose afterAdd /Users/taylangocmen/.npm/underscore/1.8.3/package/package.json written
178 silly loadAllDepsIntoIdealTree Finishing
179 silly idealTree:prePrune xmlexplorer@1.0.0
179 silly idealTree:prePrune +-- async@0.9.2
179 silly idealTree:prePrune +-- Babel@0.0.1
179 silly idealTree:prePrune +-- babel@6.5.2
179 silly idealTree:prePrune +-- balanced-match@0.4.1
179 silly idealTree:prePrune +-- boolbase@1.0.0
179 silly idealTree:prePrune +-- brace-expansion@1.1.4
179 silly idealTree:prePrune +-- cheerio@0.19.0
179 silly idealTree:prePrune +-- colors@1.1.2
179 silly idealTree:prePrune +-- concat-map@0.0.1
179 silly idealTree:prePrune +-- core-util-is@1.0.2
179 silly idealTree:prePrune +-- css-select@1.0.0
179 silly idealTree:prePrune +-- css-what@1.0.0
179 silly idealTree:prePrune +-- cycle@1.0.3
179 silly idealTree:prePrune +-- deep-equal@0.2.2
179 silly idealTree:prePrune +-- dom-serializer@0.1.0
179 silly idealTree:prePrune | `-- domelementtype@1.1.3
179 silly idealTree:prePrune +-- domelementtype@1.3.0
179 silly idealTree:prePrune +-- domhandler@2.3.0
179 silly idealTree:prePrune +-- domutils@1.4.3
179 silly idealTree:prePrune +-- entities@1.1.1
179 silly idealTree:prePrune +-- eyes@0.1.8
179 silly idealTree:prePrune +-- fs@0.0.2
179 silly idealTree:prePrune +-- glob@7.0.3
179 silly idealTree:prePrune +-- htmlparser2@3.8.3
179 silly idealTree:prePrune | +-- domutils@1.5.1
179 silly idealTree:prePrune | `-- entities@1.0.0
179 silly idealTree:prePrune +-- i@0.3.5
179 silly idealTree:prePrune +-- inflight@1.0.5
179 silly idealTree:prePrune +-- inherits@2.0.1
179 silly idealTree:prePrune +-- isarray@0.0.1
179 silly idealTree:prePrune +-- isstream@0.1.2
179 silly idealTree:prePrune +-- lodash@3.10.1
179 silly idealTree:prePrune +-- minimatch@3.0.0
179 silly idealTree:prePrune +-- minimist@0.0.8
179 silly idealTree:prePrune +-- mkdirp@0.5.1
179 silly idealTree:prePrune +-- mute-stream@0.0.6
179 silly idealTree:prePrune +-- ncp@1.0.1
179 silly idealTree:prePrune +-- nth-check@1.0.1
179 silly idealTree:prePrune +-- once@1.3.3
179 silly idealTree:prePrune +-- path-is-absolute@1.0.0
179 silly idealTree:prePrune +-- pkginfo@0.4.0
179 silly idealTree:prePrune +-- prompt@1.0.0
179 silly idealTree:prePrune +-- read@1.0.7
179 silly idealTree:prePrune +-- readable-stream@1.1.14
179 silly idealTree:prePrune +-- revalidator@0.1.8
179 silly idealTree:prePrune +-- rimraf@2.5.2
179 silly idealTree:prePrune +-- stack-trace@0.0.9
179 silly idealTree:prePrune +-- step@0.0.6
179 silly idealTree:prePrune +-- string_decoder@0.10.31
179 silly idealTree:prePrune +-- underscore@1.8.3
179 silly idealTree:prePrune +-- utile@0.3.0
179 silly idealTree:prePrune +-- winston@2.1.1
179 silly idealTree:prePrune | +-- async@1.0.0
179 silly idealTree:prePrune | +-- colors@1.0.3
179 silly idealTree:prePrune | `-- pkginfo@0.3.1
179 silly idealTree:prePrune `-- wrappy@1.0.2
180 silly loadIdealTree Finishing
181 silly currentTree xmlexplorer@1.0.0
181 silly currentTree +-- async@0.9.2
181 silly currentTree +-- babel@6.5.2
181 silly currentTree +-- balanced-match@0.4.1
181 silly currentTree +-- boolbase@1.0.0
181 silly currentTree +-- brace-expansion@1.1.4
181 silly currentTree +-- cheerio@0.19.0
181 silly currentTree +-- colors@1.1.2
181 silly currentTree +-- concat-map@0.0.1
181 silly currentTree +-- core-util-is@1.0.2
181 silly currentTree +-- css-select@1.0.0
181 silly currentTree +-- css-what@1.0.0
181 silly currentTree +-- cycle@1.0.3
181 silly currentTree +-- deep-equal@0.2.2
181 silly currentTree +-- dom-serializer@0.1.0
181 silly currentTree | `-- domelementtype@1.1.3
181 silly currentTree +-- domelementtype@1.3.0
181 silly currentTree +-- domhandler@2.3.0
181 silly currentTree +-- domutils@1.4.3
181 silly currentTree +-- entities@1.1.1
181 silly currentTree +-- eyes@0.1.8
181 silly currentTree +-- fs@0.0.2
181 silly currentTree +-- glob@7.0.3
181 silly currentTree +-- htmlparser2@3.8.3
181 silly currentTree | +-- domutils@1.5.1
181 silly currentTree | `-- entities@1.0.0
181 silly currentTree +-- i@0.3.5
181 silly currentTree +-- inflight@1.0.5
181 silly currentTree +-- inherits@2.0.1
181 silly currentTree +-- isarray@0.0.1
181 silly currentTree +-- isstream@0.1.2
181 silly currentTree +-- lodash@3.10.1
181 silly currentTree +-- minimatch@3.0.0
181 silly currentTree +-- minimist@0.0.8
181 silly currentTree +-- mkdirp@0.5.1
181 silly currentTree +-- mute-stream@0.0.6
181 silly currentTree +-- ncp@1.0.1
181 silly currentTree +-- nth-check@1.0.1
181 silly currentTree +-- once@1.3.3
181 silly currentTree +-- path-is-absolute@1.0.0
181 silly currentTree +-- pkginfo@0.4.0
181 silly currentTree +-- prompt@1.0.0
181 silly currentTree +-- read@1.0.7
181 silly currentTree +-- readable-stream@1.1.14
181 silly currentTree +-- revalidator@0.1.8
181 silly currentTree +-- rimraf@2.5.2
181 silly currentTree +-- stack-trace@0.0.9
181 silly currentTree +-- string_decoder@0.10.31
181 silly currentTree +-- utile@0.3.0
181 silly currentTree +-- winston@2.1.1
181 silly currentTree | +-- async@1.0.0
181 silly currentTree | +-- colors@1.0.3
181 silly currentTree | `-- pkginfo@0.3.1
181 silly currentTree `-- wrappy@1.0.2
182 silly idealTree xmlexplorer@1.0.0
182 silly idealTree +-- async@0.9.2
182 silly idealTree +-- Babel@0.0.1
182 silly idealTree +-- babel@6.5.2
182 silly idealTree +-- balanced-match@0.4.1
182 silly idealTree +-- boolbase@1.0.0
182 silly idealTree +-- brace-expansion@1.1.4
182 silly idealTree +-- cheerio@0.19.0
182 silly idealTree +-- colors@1.1.2
182 silly idealTree +-- concat-map@0.0.1
182 silly idealTree +-- core-util-is@1.0.2
182 silly idealTree +-- css-select@1.0.0
182 silly idealTree +-- css-what@1.0.0
182 silly idealTree +-- cycle@1.0.3
182 silly idealTree +-- deep-equal@0.2.2
182 silly idealTree +-- dom-serializer@0.1.0
182 silly idealTree | `-- domelementtype@1.1.3
182 silly idealTree +-- domelementtype@1.3.0
182 silly idealTree +-- domhandler@2.3.0
182 silly idealTree +-- domutils@1.4.3
182 silly idealTree +-- entities@1.1.1
182 silly idealTree +-- eyes@0.1.8
182 silly idealTree +-- fs@0.0.2
182 silly idealTree +-- glob@7.0.3
182 silly idealTree +-- htmlparser2@3.8.3
182 silly idealTree | +-- domutils@1.5.1
182 silly idealTree | `-- entities@1.0.0
182 silly idealTree +-- i@0.3.5
182 silly idealTree +-- inflight@1.0.5
182 silly idealTree +-- inherits@2.0.1
182 silly idealTree +-- isarray@0.0.1
182 silly idealTree +-- isstream@0.1.2
182 silly idealTree +-- lodash@3.10.1
182 silly idealTree +-- minimatch@3.0.0
182 silly idealTree +-- minimist@0.0.8
182 silly idealTree +-- mkdirp@0.5.1
182 silly idealTree +-- mute-stream@0.0.6
182 silly idealTree +-- ncp@1.0.1
182 silly idealTree +-- nth-check@1.0.1
182 silly idealTree +-- once@1.3.3
182 silly idealTree +-- path-is-absolute@1.0.0
182 silly idealTree +-- pkginfo@0.4.0
182 silly idealTree +-- prompt@1.0.0
182 silly idealTree +-- read@1.0.7
182 silly idealTree +-- readable-stream@1.1.14
182 silly idealTree +-- revalidator@0.1.8
182 silly idealTree +-- rimraf@2.5.2
182 silly idealTree +-- stack-trace@0.0.9
182 silly idealTree +-- step@0.0.6
182 silly idealTree +-- string_decoder@0.10.31
182 silly idealTree +-- underscore@1.8.3
182 silly idealTree +-- utile@0.3.0
182 silly idealTree +-- winston@2.1.1
182 silly idealTree | +-- async@1.0.0
182 silly idealTree | +-- colors@1.0.3
182 silly idealTree | `-- pkginfo@0.3.1
182 silly idealTree `-- wrappy@1.0.2
183 silly generateActionsToTake Starting
184 silly install generateActionsToTake
185 silly generateActionsToTake Finishing
186 silly diffTrees action count 6
187 silly diffTrees add step@0.0.6
188 silly diffTrees add underscore@1.8.3
189 silly diffTrees update babel@6.5.2
190 silly diffTrees add Babel@0.0.1
191 silly diffTrees update fs@0.0.2
192 silly diffTrees update prompt@1.0.0
193 silly decomposeActions action count 48
194 silly decomposeActions fetch step@0.0.6
195 silly decomposeActions extract step@0.0.6
196 silly decomposeActions test step@0.0.6
197 silly decomposeActions preinstall step@0.0.6
198 silly decomposeActions build step@0.0.6
199 silly decomposeActions install step@0.0.6
200 silly decomposeActions postinstall step@0.0.6
201 silly decomposeActions finalize step@0.0.6
202 silly decomposeActions fetch underscore@1.8.3
203 silly decomposeActions extract underscore@1.8.3
204 silly decomposeActions test underscore@1.8.3
205 silly decomposeActions preinstall underscore@1.8.3
206 silly decomposeActions build underscore@1.8.3
207 silly decomposeActions install underscore@1.8.3
208 silly decomposeActions postinstall underscore@1.8.3
209 silly decomposeActions finalize underscore@1.8.3
210 silly decomposeActions fetch babel@6.5.2
211 silly decomposeActions extract babel@6.5.2
212 silly decomposeActions test babel@6.5.2
213 silly decomposeActions preinstall babel@6.5.2
214 silly decomposeActions build babel@6.5.2
215 silly decomposeActions install babel@6.5.2
216 silly decomposeActions postinstall babel@6.5.2
217 silly decomposeActions finalize babel@6.5.2
218 silly decomposeActions fetch Babel@0.0.1
219 silly decomposeActions extract Babel@0.0.1
220 silly decomposeActions test Babel@0.0.1
221 silly decomposeActions preinstall Babel@0.0.1
222 silly decomposeActions build Babel@0.0.1
223 silly decomposeActions install Babel@0.0.1
224 silly decomposeActions postinstall Babel@0.0.1
225 silly decomposeActions finalize Babel@0.0.1
226 silly decomposeActions fetch fs@0.0.2
227 silly decomposeActions extract fs@0.0.2
228 silly decomposeActions test fs@0.0.2
229 silly decomposeActions preinstall fs@0.0.2
230 silly decomposeActions build fs@0.0.2
231 silly decomposeActions install fs@0.0.2
232 silly decomposeActions postinstall fs@0.0.2
233 silly decomposeActions finalize fs@0.0.2
234 silly decomposeActions fetch prompt@1.0.0
235 silly decomposeActions extract prompt@1.0.0
236 silly decomposeActions test prompt@1.0.0
237 silly decomposeActions preinstall prompt@1.0.0
238 silly decomposeActions build prompt@1.0.0
239 silly decomposeActions install prompt@1.0.0
240 silly decomposeActions postinstall prompt@1.0.0
241 silly decomposeActions finalize prompt@1.0.0
242 silly executeActions Starting
243 silly install executeActions
244 silly doSerial global-install 0
245 silly doParallel fetch 6
246 verbose correctMkdir /Users/taylangocmen/.npm/_locks correctMkdir not in flight; initializing
247 verbose lock using /Users/taylangocmen/.npm/_locks/staging-b18a035cb2bd1eb9.lock for /Users/taylangocmen/Documents/work/xmlexplorer/node_modules/.staging
248 silly doParallel extract 6
249 silly extract step@0.0.6
250 silly extract underscore@1.8.3
251 silly extract babel@6.5.2
252 silly extract Babel@0.0.1
253 silly extract fs@0.0.2
254 silly extract prompt@1.0.0
255 verbose unbuild node_modules/.staging/step-be44c53e
256 verbose unbuild node_modules/.staging/underscore-1d1f8e21
257 verbose unbuild node_modules/.staging/Babel-98ffde56
258 verbose unbuild node_modules/.staging/fs-0a5e29cc
259 verbose unbuild node_modules/.staging/prompt-0ceb29f0
260 verbose unbuild node_modules/.staging/babel-bd530224
261 silly gentlyRm /Users/taylangocmen/Documents/work/xmlexplorer/node_modules/.staging/step-be44c53e is being purged from base /Users/taylangocmen/Documents/work/xmlexplorer
262 verbose gentlyRm don't care about contents; nuking /Users/taylangocmen/Documents/work/xmlexplorer/node_modules/.staging/step-be44c53e
263 silly gentlyRm /Users/taylangocmen/Documents/work/xmlexplorer/node_modules/.staging/underscore-1d1f8e21 is being purged from base /Users/taylangocmen/Documents/work/xmlexplorer
264 verbose gentlyRm don't care about contents; nuking /Users/taylangocmen/Documents/work/xmlexplorer/node_modules/.staging/underscore-1d1f8e21
265 silly gentlyRm /Users/taylangocmen/Documents/work/xmlexplorer/node_modules/.staging/Babel-98ffde56 is being purged from base /Users/taylangocmen/Documents/work/xmlexplorer
266 verbose gentlyRm don't care about contents; nuking /Users/taylangocmen/Documents/work/xmlexplorer/node_modules/.staging/Babel-98ffde56
267 verbose tar unpack /Users/taylangocmen/.npm/step/0.0.6/package.tgz
268 verbose tar unpacking to /Users/taylangocmen/Documents/work/xmlexplorer/node_modules/.staging/step-be44c53e
269 silly gentlyRm /Users/taylangocmen/Documents/work/xmlexplorer/node_modules/.staging/step-be44c53e is being purged
270 verbose gentlyRm don't care about contents; nuking /Users/taylangocmen/Documents/work/xmlexplorer/node_modules/.staging/step-be44c53e
271 verbose tar unpack /Users/taylangocmen/.npm/underscore/1.8.3/package.tgz
272 verbose tar unpacking to /Users/taylangocmen/Documents/work/xmlexplorer/node_modules/.staging/underscore-1d1f8e21
273 silly gentlyRm /Users/taylangocmen/Documents/work/xmlexplorer/node_modules/.staging/underscore-1d1f8e21 is being purged
274 verbose gentlyRm don't care about contents; nuking /Users/taylangocmen/Documents/work/xmlexplorer/node_modules/.staging/underscore-1d1f8e21
275 silly gentlyRm /Users/taylangocmen/Documents/work/xmlexplorer/node_modules/.staging/fs-0a5e29cc is being purged from base /Users/taylangocmen/Documents/work/xmlexplorer
276 verbose gentlyRm don't care about contents; nuking /Users/taylangocmen/Documents/work/xmlexplorer/node_modules/.staging/fs-0a5e29cc
277 silly gentlyRm /Users/taylangocmen/Documents/work/xmlexplorer/node_modules/.staging/prompt-0ceb29f0 is being purged from base /Users/taylangocmen/Documents/work/xmlexplorer
278 verbose gentlyRm don't care about contents; nuking /Users/taylangocmen/Documents/work/xmlexplorer/node_modules/.staging/prompt-0ceb29f0
279 verbose tar unpack /Users/taylangocmen/.npm/Babel/0.0.1/package.tgz
280 verbose tar unpacking to /Users/taylangocmen/Documents/work/xmlexplorer/node_modules/.staging/Babel-98ffde56
281 silly gentlyRm /Users/taylangocmen/Documents/work/xmlexplorer/node_modules/.staging/Babel-98ffde56 is being purged
282 verbose gentlyRm don't care about contents; nuking /Users/taylangocmen/Documents/work/xmlexplorer/node_modules/.staging/Babel-98ffde56
283 silly gunzTarPerm modes [ '755', '644' ]
284 silly gunzTarPerm modes [ '755', '644' ]
285 verbose tar unpack /Users/taylangocmen/.npm/fs/0.0.2/package.tgz
286 verbose tar unpacking to /Users/taylangocmen/Documents/work/xmlexplorer/node_modules/.staging/fs-0a5e29cc
287 silly gentlyRm /Users/taylangocmen/Documents/work/xmlexplorer/node_modules/.staging/fs-0a5e29cc is being purged
288 verbose gentlyRm don't care about contents; nuking /Users/taylangocmen/Documents/work/xmlexplorer/node_modules/.staging/fs-0a5e29cc
289 verbose tar unpack /Users/taylangocmen/.npm/prompt/1.0.0/package.tgz
290 verbose tar unpacking to /Users/taylangocmen/Documents/work/xmlexplorer/node_modules/.staging/prompt-0ceb29f0
291 silly gentlyRm /Users/taylangocmen/Documents/work/xmlexplorer/node_modules/.staging/prompt-0ceb29f0 is being purged
292 verbose gentlyRm don't care about contents; nuking /Users/taylangocmen/Documents/work/xmlexplorer/node_modules/.staging/prompt-0ceb29f0
293 silly gentlyRm /Users/taylangocmen/Documents/work/xmlexplorer/node_modules/.staging/babel-bd530224 is being purged from base /Users/taylangocmen/Documents/work/xmlexplorer
294 verbose gentlyRm don't care about contents; nuking /Users/taylangocmen/Documents/work/xmlexplorer/node_modules/.staging/babel-bd530224
295 silly gunzTarPerm modes [ '755', '644' ]
296 silly gunzTarPerm modes [ '755', '644' ]
297 silly gunzTarPerm modes [ '755', '644' ]
298 verbose tar unpack /Users/taylangocmen/.npm/babel/6.5.2/package.tgz
299 verbose tar unpacking to /Users/taylangocmen/Documents/work/xmlexplorer/node_modules/.staging/babel-bd530224
300 silly gentlyRm /Users/taylangocmen/Documents/work/xmlexplorer/node_modules/.staging/babel-bd530224 is being purged
301 verbose gentlyRm don't care about contents; nuking /Users/taylangocmen/Documents/work/xmlexplorer/node_modules/.staging/babel-bd530224
302 silly gunzTarPerm modes [ '755', '644' ]
303 silly gunzTarPerm extractEntry package.json
304 silly gunzTarPerm modified mode [ 'package.json', 436, 420 ]
305 silly gunzTarPerm extractEntry package.json
306 silly gunzTarPerm extractEntry
307 silly gunzTarPerm extractEntry package.json
308 silly gunzTarPerm extractEntry package.json
309 silly gunzTarPerm extractEntry package.json
310 silly gunzTarPerm extractEntry README.markdown
311 silly gunzTarPerm modified mode [ 'README.markdown', 436, 420 ]
312 silly gunzTarPerm extractEntry lib/step.js
313 silly gunzTarPerm modified mode [ 'lib/step.js', 509, 493 ]
314 silly gunzTarPerm extractEntry README.md
315 silly gunzTarPerm extractEntry LICENSE
316 silly gunzTarPerm extractEntry index.js
317 silly gunzTarPerm extractEntry .npmignore
318 silly gunzTarPerm extractEntry README.md
319 silly gunzTarPerm extractEntry ._.DS_Store
320 silly gunzTarPerm extractEntry .DS_Store
321 silly gunzTarPerm extractEntry ._.gitignore
322 silly gunzTarPerm extractEntry .npmignore
323 silly gunzTarPerm extractEntry README.md
324 silly gunzTarPerm extractEntry .gitignore
325 silly gunzTarPerm extractEntry ._Cakefile
326 silly gunzTarPerm extractEntry license.txt
327 silly gunzTarPerm modified mode [ 'license.txt', 436, 420 ]
328 silly gunzTarPerm extractEntry test/callbackTest.js
329 silly gunzTarPerm modified mode [ 'test/callbackTest.js', 436, 420 ]
330 silly gunzTarPerm extractEntry underscore.js
331 silly gunzTarPerm extractEntry underscore-min.js
332 silly gunzTarPerm extractEntry underscore-min.map
333 silly gunzTarPerm extractEntry LICENSE
334 silly gunzTarPerm extractEntry CHANGELOG.md
335 silly gunzTarPerm extractEntry .jshintrc
336 silly gunzTarPerm extractEntry docs/docco.css
337 silly gunzTarPerm extractEntry docs/prompt.html
338 silly gunzTarPerm extractEntry examples/add-properties.js
339 silly gunzTarPerm extractEntry examples/existing-properties.js
340 silly gunzTarPerm extractEntry examples/history.js
341 silly gunzTarPerm extractEntry examples/nested-properties-prompt.js
342 silly gunzTarPerm extractEntry examples/old-schema.js
343 silly gunzTarPerm extractEntry examples/dynamic-ask-prompt.js
344 silly gunzTarPerm extractEntry examples/password.js
345 silly gunzTarPerm extractEntry examples/prompt-override.js
346 silly gunzTarPerm extractEntry examples/types.js
347 silly gunzTarPerm extractEntry examples/property-prompt.js
348 silly gunzTarPerm extractEntry examples/simple-prompt.js
349 silly gunzTarPerm extractEntry examples/color.js
350 silly gunzTarPerm extractEntry examples/yes-or-no-prompt.js
351 silly gunzTarPerm extractEntry examples/override-validation.js
352 silly gunzTarPerm extractEntry examples/prompt-streamline._js
353 silly gunzTarPerm extractEntry lib/prompt.js
354 silly gunzTarPerm extractEntry .travis.yml
355 silly gunzTarPerm extractEntry test/helpers.js
356 silly gunzTarPerm extractEntry test/interactive-prompt-test.js
357 silly gunzTarPerm extractEntry test/macros.js
358 silly gunzTarPerm extractEntry test/prompt-test.js
359 silly gunzTarPerm extractEntry cli.js
360 silly gunzTarPerm extractEntry index.js
361 silly gunzTarPerm extractEntry Cakefile
362 silly gunzTarPerm extractEntry docs/
363 silly gunzTarPerm extractEntry test/errorTest.js
364 silly gunzTarPerm modified mode [ 'test/errorTest.js', 436, 420 ]
365 silly gunzTarPerm extractEntry test/fnTest.js
366 silly gunzTarPerm modified mode [ 'test/fnTest.js', 436, 420 ]
367 silly gentlyRm /Users/taylangocmen/Documents/work/xmlexplorer/node_modules/.staging/fs-0a5e29cc/node_modules is being purged
368 verbose gentlyRm don't care about contents; nuking /Users/taylangocmen/Documents/work/xmlexplorer/node_modules/.staging/fs-0a5e29cc/node_modules
369 silly gunzTarPerm extractEntry lib/
370 silly gunzTarPerm extractEntry ._LICENSE
371 silly gunzTarPerm extractEntry test/groupTest.js
372 silly gunzTarPerm modified mode [ 'test/groupTest.js', 436, 420 ]
373 silly gunzTarPerm extractEntry LICENSE
374 silly gunzTarPerm extractEntry ._package.json
375 silly gunzTarPerm extractEntry package.json
376 silly gunzTarPerm extractEntry ._README.markdown
377 silly gunzTarPerm extractEntry README.markdown
378 silly gunzTarPerm extractEntry src/
379 silly gunzTarPerm extractEntry test/
380 silly gunzTarPerm extractEntry translators/
381 silly gunzTarPerm extractEntry translators/._.DS_Store
382 silly gunzTarPerm extractEntry translators/.DS_Store
383 silly gunzTarPerm extractEntry translators/data/
384 silly gunzTarPerm extractEntry translators/script/
385 silly gunzTarPerm extractEntry translators/stylesheet/
386 silly gunzTarPerm extractEntry translators/template/
387 silly gunzTarPerm extractEntry translators/template/._.DS_Store
388 silly gunzTarPerm extractEntry translators/template/.DS_Store
389 silly gunzTarPerm extractEntry translators/template/._eco.coffee
390 silly gunzTarPerm extractEntry translators/template/eco.coffee
391 silly gunzTarPerm extractEntry translators/template/._ejs.coffee
392 silly gunzTarPerm extractEntry translators/template/ejs.coffee
393 silly gunzTarPerm extractEntry translators/template/._htm.coffee
394 silly gunzTarPerm extractEntry translators/template/htm.coffee
395 silly gunzTarPerm extractEntry translators/template/._html.coffee
396 silly gunzTarPerm extractEntry translators/template/html.coffee
397 silly gunzTarPerm extractEntry translators/template/._jade.coffee
398 silly gunzTarPerm extractEntry translators/template/jade.coffee
399 silly gunzTarPerm extractEntry translators/stylesheet/._css.coffee
400 silly gunzTarPerm extractEntry translators/stylesheet/css.coffee
401 silly gunzTarPerm extractEntry translators/stylesheet/._less.coffee
402 silly gunzTarPerm extractEntry translators/stylesheet/less.coffee
403 silly gunzTarPerm extractEntry translators/stylesheet/._sass.coffee
404 silly gunzTarPerm extractEntry translators/stylesheet/sass.coffee
405 silly gunzTarPerm extractEntry translators/stylesheet/._styl.coffee
406 silly gunzTarPerm extractEntry translators/stylesheet/styl.coffee
407 silly gunzTarPerm extractEntry translators/script/._coffee.coffee
408 silly gunzTarPerm extractEntry translators/script/coffee.coffee
409 silly gunzTarPerm extractEntry translators/script/._js.coffee
410 silly gunzTarPerm extractEntry translators/script/js.coffee
411 silly gunzTarPerm extractEntry translators/data/coffee.coffee
412 silly gunzTarPerm extractEntry translators/data/._json.coffee
413 silly gunzTarPerm extractEntry translators/data/json.coffee
414 silly gunzTarPerm extractEntry test/._data.coffee
415 silly gunzTarPerm extractEntry test/data.coffee
416 silly gunzTarPerm extractEntry test/._dir.coffee
417 silly gunzTarPerm extractEntry test/dir.coffee
418 silly gunzTarPerm extractEntry test/fixtures/
419 silly gunzTarPerm extractEntry test/._plain.coffee
420 silly gunzTarPerm extractEntry test/plain.coffee
421 silly gunzTarPerm extractEntry test/._script.coffee
422 silly gunzTarPerm extractEntry test/script.coffee
423 silly gunzTarPerm extractEntry test/._stylesheet.coffee
424 silly gunzTarPerm extractEntry test/stylesheet.coffee
425 silly gunzTarPerm extractEntry test/._template.coffee
426 silly gunzTarPerm extractEntry test/template.coffee
427 silly gunzTarPerm extractEntry test/fixtures/data/
428 silly gunzTarPerm extractEntry test/fixtures/dir/
429 silly gunzTarPerm extractEntry test/fixtures/plain/
430 silly gunzTarPerm extractEntry test/fixtures/script/
431 silly gunzTarPerm extractEntry test/fixtures/template/
432 silly gunzTarPerm extractEntry test/fixtures/template/._test.eco
433 silly gunzTarPerm extractEntry test/fixtures/template/test.eco
434 silly gunzTarPerm extractEntry test/fixtures/template/._test.jade
435 silly gunzTarPerm extractEntry test/fixtures/template/test.jade
436 silly gunzTarPerm extractEntry test/fixtures/script/._test.coffee
437 silly gunzTarPerm extractEntry test/fixtures/script/test.coffee
438 silly gunzTarPerm extractEntry test/fixtures/script/._test.js
439 silly gunzTarPerm extractEntry test/fixtures/script/test.js
440 silly gunzTarPerm extractEntry test/fixtures/plain/._empty.txt
441 silly gunzTarPerm extractEntry test/fixtures/plain/empty.txt
442 silly gunzTarPerm extractEntry test/fixtures/plain/._test.txt
443 silly gunzTarPerm extractEntry test/fixtures/plain/test.txt
444 silly gunzTarPerm extractEntry test/fixtures/plain/._wildcard.abcd
445 silly gunzTarPerm extractEntry test/fixtures/plain/wildcard.abcd
446 silly gunzTarPerm extractEntry test/fixtures/dir/dir/
447 silly gunzTarPerm extractEntry test/fixtures/dir/empty/
448 silly gunzTarPerm extractEntry test/fixtures/dir/dir/._one.coffee
449 silly gunzTarPerm extractEntry test/fixtures/dir/dir/one.coffee
450 silly gunzTarPerm extractEntry test/fixtures/dir/dir/._three.coffee
451 silly gunzTarPerm extractEntry test/fixtures/dir/dir/three.coffee
452 silly gunzTarPerm extractEntry test/fixtures/dir/dir/._two.coffee
453 silly gunzTarPerm extractEntry test/fixtures/dir/dir/two.coffee
454 silly gunzTarPerm extractEntry test/fixtures/data/._test.coffee
455 silly gunzTarPerm extractEntry test/fixtures/data/test.coffee
456 silly gunzTarPerm extractEntry test/fixtures/data/._test.json
457 silly gunzTarPerm extractEntry test/fixtures/data/test.json
458 silly gunzTarPerm extractEntry src/._babel.coffee
459 silly gunzTarPerm extractEntry src/babel.coffee
460 silly gunzTarPerm extractEntry lib/._babel.js
461 silly gunzTarPerm extractEntry lib/babel.js
462 silly gunzTarPerm extractEntry docs/._babel.html
463 silly gunzTarPerm extractEntry docs/babel.html
464 silly gunzTarPerm extractEntry docs/._docco.css
465 silly gunzTarPerm extractEntry docs/docco.css
466 silly gunzTarPerm extractEntry test/helper.js
467 silly gunzTarPerm modified mode [ 'test/helper.js', 436, 420 ]
468 silly gunzTarPerm extractEntry test/parallelTest.js
469 silly gunzTarPerm modified mode [ 'test/parallelTest.js', 436, 420 ]
470 silly gentlyRm /Users/taylangocmen/Documents/work/xmlexplorer/node_modules/.staging/babel-bd530224/node_modules is being purged
471 verbose gentlyRm don't care about contents; nuking /Users/taylangocmen/Documents/work/xmlexplorer/node_modules/.staging/babel-bd530224/node_modules
472 silly gentlyRm /Users/taylangocmen/Documents/work/xmlexplorer/node_modules/.staging/underscore-1d1f8e21/node_modules is being purged
473 verbose gentlyRm don't care about contents; nuking /Users/taylangocmen/Documents/work/xmlexplorer/node_modules/.staging/underscore-1d1f8e21/node_modules
474 silly gentlyRm /Users/taylangocmen/Documents/work/xmlexplorer/node_modules/.staging/step-be44c53e/node_modules is being purged
475 verbose gentlyRm don't care about contents; nuking /Users/taylangocmen/Documents/work/xmlexplorer/node_modules/.staging/step-be44c53e/node_modules
476 silly gentlyRm /Users/taylangocmen/Documents/work/xmlexplorer/node_modules/.staging/prompt-0ceb29f0/node_modules is being purged
477 verbose gentlyRm don't care about contents; nuking /Users/taylangocmen/Documents/work/xmlexplorer/node_modules/.staging/prompt-0ceb29f0/node_modules
478 verbose unlock done using /Users/taylangocmen/.npm/_locks/staging-b18a035cb2bd1eb9.lock for /Users/taylangocmen/Documents/work/xmlexplorer/node_modules/.staging
479 silly rollbackFailedOptional Starting
480 silly rollbackFailedOptional Finishing
481 silly runTopLevelLifecycles Starting
482 silly runTopLevelLifecycles Finishing
483 silly install printInstalled
484 verbose stack Error: Failed to parse json
484 verbose stack Trailing comma in object at 17:1
484 verbose stack }
484 verbose stack ^
484 verbose stack     at parseError (/usr/local/lib/node_modules/npm/node_modules/read-package-json/read-json.js:390:11)
484 verbose stack     at parseJson (/usr/local/lib/node_modules/npm/node_modules/read-package-json/read-json.js:79:23)
484 verbose stack     at /usr/local/lib/node_modules/npm/node_modules/read-package-json/read-json.js:48:5
484 verbose stack     at /usr/local/lib/node_modules/npm/node_modules/graceful-fs/graceful-fs.js:78:16
484 verbose stack     at tryToString (fs.js:449:3)
484 verbose stack     at FSReqWrap.readFileAfterClose [as oncomplete] (fs.js:436:12)
485 verbose cwd /Users/taylangocmen/Documents/work/xmlexplorer
486 error Darwin 15.5.0
487 error argv "/usr/local/bin/node" "/usr/local/bin/npm" "install" "Babel"
488 error node v6.2.1
489 error npm  v3.9.3
490 error file /Users/taylangocmen/Documents/work/xmlexplorer/node_modules/.staging/Babel-98ffde56/package.json
491 error code EJSONPARSE
492 error Failed to parse json
492 error Trailing comma in object at 17:1
492 error }
492 error ^
493 error File: /Users/taylangocmen/Documents/work/xmlexplorer/node_modules/.staging/Babel-98ffde56/package.json
494 error Failed to parse package.json data.
494 error package.json must be actual JSON, not just JavaScript.
494 error
494 error This is not a bug in npm.
494 error Tell the package author to fix their package.json file. JSON.parse
495 verbose exit [ 1, true ]
